This is pdfTeX, Version 3.1415926-1.40.10 (MiKTeX 2.8) (preloaded format=pdflatex 2010.8.9)  15 DEC 2013 17:12
entering extended mode
**tudthesis.cls
("C:\Users\Stephan\Desktop\TUD Corporate Design\texmf\tex\latex\tuddesign\tudthesis.cls"
LaTeX2e <2005/12/01>
Babel <v3.8l> and hyphenation patterns for english, dumylang, nohyphenation, german, ngerman, german-x-2009-06-19, ngerm
an-x-2009-06-19, french, loaded.

LaTeX Warning: You have requested package `',
               but the package provides `tudthesis'.

Package: tudthesis 2009/05/15 0.96 Joe Werner's TUD-Design-Manual package

! LaTeX Error: Missing \begin{document}.

See the LaTeX manual or LaTeX Companion for explanation.
Type  H <return>  for immediate help.
 ...                                              
                                                  
l.19 \newif\ifTUD@
                  thesis@type \TUD@thesis@typefalse
You're in trouble here.  Try typing  <return>  to proceed.
If that doesn't work, type  X <return>  to quit.

Missing character: There is no @ in font nullfont!
Missing character: There is no t in font nullfont!
Missing character: There is no h in font nullfont!
Missing character: There is no e in font nullfont!
Missing character: There is no s in font nullfont!
Missing character: There is no i in font nullfont!
Missing character: There is no s in font nullfont!
Missing character: There is no @ in font nullfont!
Missing character: There is no t in font nullfont!
Missing character: There is no y in font nullfont!
Missing character: There is no p in font nullfont!
Missing character: There is no e in font nullfont!
! Undefined control sequence.
l.19 \newif\ifTUD@thesis@type \TUD
                                  @thesis@typefalse
The control sequence at the end of the top line
of your error message was never \def'ed. If you have
misspelled it (e.g., `\hobx'), type `I' and the correct
spelling (e.g., `I\hbox'). Otherwise just continue,
and I'll forget about whatever was undefined.

Missing character: There is no @ in font nullfont!
Missing character: There is no t in font nullfont!
Missing character: There is no h in font nullfont!
Missing character: There is no e in font nullfont!
Missing character: There is no s in font nullfont!
Missing character: There is no i in font nullfont!
Missing character: There is no s in font nullfont!
Missing character: There is no @ in font nullfont!
Missing character: There is no t in font nullfont!
Missing character: There is no y in font nullfont!
Missing character: There is no p in font nullfont!
Missing character: There is no e in font nullfont!
Missing character: There is no f in font nullfont!
Missing character: There is no a in font nullfont!
Missing character: There is no l in font nullfont!
Missing character: There is no s in font nullfont!
Missing character: There is no e in font nullfont!

Overfull \hbox (20.0pt too wide) in paragraph at lines 19--20
[]
 []

("C:\Program Files\MiKTeX 2.8\tex\latex\xkeyval\xkeyval.sty"
Package: xkeyval 2008/08/13 v2.6a package option processing (HA)

("C:\Program Files\MiKTeX 2.8\tex\generic\xkeyval\xkeyval.tex"
\XKV@toks=\toks14
\XKV@tempa@toks=\toks15
\XKV@depth=\count79
File: xkeyval.tex 2008/08/13 v2.6a key=value parser (HA)

("C:\Program Files\MiKTeX 2.8\tex\generic\xkeyval\keyval.tex"))

! Package xkeyval Error: xkeyval loaded before \documentclass.

See the xkeyval package documentation for explanation.
Type  H <return>  for immediate help.
 ...                                              
                                                  
l.62 ...yval loaded before \protect\documentclass}
                                                  %
Try typing  <return>  to proceed.
If that doesn't work, type  X <return>  to quit.

)
! Missing \endcsname inserted.
<to be read again> 
                   \spacefactor 
l.24  \DeclareOptionX<\@currname>{type}{
                                        %
The control sequence marked <to be read again> should
not appear between \csname and \endcsname.

! Missing \endcsname inserted.
<to be read again> 
                   \spacefactor 
l.24  \DeclareOptionX<\@currname>{type}{
                                        %
The control sequence marked <to be read again> should
not appear between \csname and \endcsname.

! Missing \endcsname inserted.
<to be read again> 
                   \spacefactor 
l.28  \DeclareOptionX<\@currname>{dr}{
                                      %
The control sequence marked <to be read again> should
not appear between \csname and \endcsname.

! Missing \endcsname inserted.
<to be read again> 
                   \spacefactor 
l.28  \DeclareOptionX<\@currname>{dr}{
                                      %
The control sequence marked <to be read again> should
not appear between \csname and \endcsname.

! Missing \endcsname inserted.
<to be read again> 
                   \spacefactor 
l.37 
     
The control sequence marked <to be read again> should
not appear between \csname and \endcsname.

! Missing \endcsname inserted.
<to be read again> 
                   \spacefactor 
l.37 
     
The control sequence marked <to be read again> should
not appear between \csname and \endcsname.

! You can't use `\spacefactor' in vertical mode.
<recently read> \spacefactor 
                             
l.37 
     
Sorry, but I'm not programmed to handle this case;
I'll just pretend that you didn't ask for it.
If you're in the wrong mode, you might be able to
return to the right one by typing `I}' or `I$' or `I\par'.

! Missing $ inserted.
<inserted text> 
                $
l.37 
     
I've inserted a begin-math/end-math symbol since I think
you left one out. Proceed, with fingers crossed.


! LaTeX Error: Missing \begin{document}.

See the LaTeX manual or LaTeX Companion for explanation.
Type  H <return>  for immediate help.
 ...                                              
                                                  
l.37 
     
You're in trouble here.  Try typing  <return>  to proceed.
If that doesn't work, type  X <return>  to quit.

LaTeX Font Info:    External font `cmex10' loaded for size
(Font)              <7> on input line 37.
LaTeX Font Info:    External font `cmex10' loaded for size
(Font)              <5> on input line 37.
! Extra \endcsname.
\XKV@ifundefined #1->\ifcsname #1\endcsname 
                                            \expandafter \@secondoftwo \else...
l.37 
     
I'm ignoring this, since I wasn't doing a \csname.

! Missing \endcsname inserted.
<to be read again> 
                   \spacefactor 
l.37 
     
The control sequence marked <to be read again> should
not appear between \csname and \endcsname.

! Missing \endcsname inserted.
<to be read again> 
                   \spacefactor 
l.37 
     
The control sequence marked <to be read again> should
not appear between \csname and \endcsname.

! You can't use `\spacefactor' in math mode.
<recently read> \spacefactor 
                             
l.37 
     
Sorry, but I'm not programmed to handle this case;
I'll just pretend that you didn't ask for it.
If you're in the wrong mode, you might be able to
return to the right one by typing `I}' or `I$' or `I\par'.

! Extra \endcsname.
\XKV@ifundefined #1->\ifcsname #1\endcsname 
                                            \expandafter \@secondoftwo \else...
l.37 
     
I'm ignoring this, since I wasn't doing a \csname.

! Missing \endcsname inserted.
<to be read again> 
                   \spacefactor 
l.37 
     
The control sequence marked <to be read again> should
not appear between \csname and \endcsname.

! Use of \KV@ doesn't match its definition.
<argument> ...fault \csname \XKV@header \XKV@tkey 
                                                  @default\endcsname \@nil 
l.37 
     
If you say, e.g., `\def\a1{...}', then you must always
put `1' after `\a', since control sequence names are
made up of letters only. The macro here has not been
followed by the required stuff, so I'm ignoring it.

! Missing \endcsname inserted.
<to be read again> 
                   \spacefactor 
l.37 
     
The control sequence marked <to be read again> should
not appear between \csname and \endcsname.

! Use of \KV@ doesn't match its definition.
<argument> ...th }{}\csname \XKV@header \XKV@tkey 
                                                  @default\endcsname \relax ...
l.37 
     
If you say, e.g., `\def\a1{...}', then you must always
put `1' after `\a', since control sequence names are
made up of letters only. The macro here has not been
followed by the required stuff, so I'm ignoring it.

! Extra \endcsname.
<argument> ...header \XKV@tkey @default\endcsname 
                                                  \relax \XKV@srstate {}{@\r...
l.37 
     
I'm ignoring this, since I wasn't doing a \csname.

! Missing \endcsname inserted.
<to be read again> 
                   \spacefactor 
l.37 
     
The control sequence marked <to be read again> should
not appear between \csname and \endcsname.

! Missing $ inserted.
<inserted text> 
                $
l.37 
     
I've inserted a begin-math/end-math symbol since I think
you left one out. Proceed, with fingers crossed.

Missing character: There is no è in font cmex10!
Missing character: There is no è in font cmex10!

Overfull \hbox (207.09332pt too wide) in paragraph at lines 37--37
[]$\OML/cmm/m/it/10 currname\OT1/cmr/m/n/10 @\OML/cmm/m/it/10 currname\OT1/cmr/m/n/10 @@\OML/cmm/m/it/10 default\OT1/cmr
/m/n/10 @\OML/cmm/m/it/10 default$ 
 []


! Class \spacefactor \@m currname Error: Missing option 'type=<thesis type>` !.

See the \spacefactor \@m currname class documentation for explanation.
Type  H <return>  for immediate help.
 ...                                              
                                                  
l.40 \fi
        
This error message was generated by an \errmessage
command, so I can't give any explicit help.
Pretend that you're Hercule Poirot: Examine all clues,
and deduce the truth by order and method.


! LaTeX Error: \RequirePackage or \LoadClass in Options Section.

See the LaTeX manual or LaTeX Companion for explanation.
Type  H <return>  for immediate help.
 ...                                              
                                                  
l.44 \RequirePackage
                    {tudthess_title}
The package `' is defective.
It attempts to load `tudreport' in the options section, i.e.,
between \DeclareOption and \ProcessOptions.


! LaTeX Error: \RequirePackage or \LoadClass in Options Section.

See the LaTeX manual or LaTeX Companion for explanation.
Type  H <return>  for immediate help.
 ...                                              
                                                  
l.45 
     
The package `' is defective.
It attempts to load `tudthess_title' in the options section, i.e.,
between \DeclareOption and \ProcessOptions.

)
! Emergency stop.
<*> tudthesis.cls
                 
*** (job aborted, no legal \end found)

 
Here is how much of TeX's memory you used:
 236 strings out of 495285
 3347 string characters out of 3180389
 48309 words of memory out of 3000000
 3523 multiletter control sequences out of 15000+200000
 3640 words of font info for 14 fonts, out of 3000000 for 9000
 14 hyphenation exceptions out of 8191
 30i,1n,36p,152b,54s stack positions out of 5000i,500n,10000p,200000b,50000s
!  ==> Fatal error occurred, no output PDF file produced!
